<?xml version="1.0" encoding="UTF-8"?>
<testsuite name="com.jungmin.O_AddOneSecondTest" tests="4" skipped="0" failures="0" errors="0" timestamp="2024-04-05T01:21:02" hostname="BOOK-LCCUUB9T5H" time="0.048">
  <properties/>
  <testcase name="addOneSecond(12, 16, 59) 는 &quot;1초 뒤에 12시 17분 0초 입니다&quot;을(를) 리턴해야 합니다" classname="com.jungmin.O_AddOneSecondTest" time="0.045"/>
  <testcase name="addOneSecond(6, 59, 59) 는 &quot;1초 뒤에 7시 0분 0초 입니다&quot;을(를) 리턴해야 합니다" classname="com.jungmin.O_AddOneSecondTest" time="0.0"/>
  <testcase name="addOneSecond(13, 15, 32) 는 &quot;1초 뒤에 13시 15분 33초 입니다&quot;을(를) 리턴해야 합니다" classname="com.jungmin.O_AddOneSecondTest" time="0.0"/>
  <testcase name="addOneSecond(23, 59, 59) 는 &quot;1초 뒤에 0시 0분 0초 입니다&quot;을(를) 리턴해야 합니다" classname="com.jungmin.O_AddOneSecondTest" time="0.0"/>
  <system-out><![CDATA[]]></system-out>
  <system-err><![CDATA[]]></system-err>
</testsuite>
